Flow report for cube_controller
Tue Dec 18 03:38:41 2012
Quartus II 32-bit Version 12.1 Build 177 11/07/2012 SJ Web Edition


---------------------
; Table of Contents ;
---------------------
  1. Legal Notice
  2. Flow Summary
  3. Flow Settings
  4. Flow Non-Default Global Settings
  5. Flow Elapsed Time
  6. Flow OS Summary
  7. Flow Log



----------------
; Legal Notice ;
----------------
Copyright (C) 1991-2012 Altera Corporation
Your use of Altera Corporation's design tools, logic functions 
and other software and tools, and its AMPP partner logic 
functions, and any output files from any of the foregoing 
(including device programming or simulation files), and any 
associated documentation or information are expressly subject 
to the terms and conditions of the Altera Program License 
Subscription Agreement, Altera MegaCore Function License 
Agreement, or other applicable license agreement, including, 
without limitation, that your use is for the sole purpose of 
programming logic devices manufactured by Altera and sold by 
Altera or its authorized distributors.  Please refer to the 
applicable agreement for further details.



+----------------------------------------------------------------------+
; Flow Summary                                                         ;
+---------------------------+------------------------------------------+
; Flow Status               ; Successful - Tue Dec 18 03:38:41 2012    ;
; Quartus II 32-bit Version ; 12.1 Build 177 11/07/2012 SJ Web Edition ;
; Revision Name             ; cube_controller                          ;
; Top-level Entity Name     ; planeController                          ;
; Family                    ; MAX II                                   ;
; Device                    ; EPM570T100C5                             ;
; Timing Models             ; Final                                    ;
; Total logic elements      ; 54 / 570 ( 9 % )                         ;
; Total pins                ; 13 / 76 ( 17 % )                         ;
; Total virtual pins        ; 0                                        ;
; UFM blocks                ; 0 / 1 ( 0 % )                            ;
+---------------------------+------------------------------------------+


+-----------------------------------------+
; Flow Settings                           ;
+-------------------+---------------------+
; Option            ; Setting             ;
+-------------------+---------------------+
; Start date & time ; 12/18/2012 03:38:29 ;
; Main task         ; Compilation         ;
; Revision Name     ; cube_controller     ;
+-------------------+---------------------+


+-------------------------------------------------------------------------------------------------------------------------+
; Flow Non-Default Global Settings                                                                                        ;
+---------------------------------------+--------------------------------+-----------------+-------------+----------------+
; Assignment Name                       ; Value                          ; Default Value   ; Entity Name ; Section Id     ;
+---------------------------------------+--------------------------------+-----------------+-------------+----------------+
; COMPILER_SIGNATURE_ID                 ; 18413743308794.135577670910370 ; --              ; --          ; --             ;
; EDA_OUTPUT_DATA_FORMAT                ; Verilog Hdl                    ; --              ; --          ; eda_simulation ;
; EDA_SIMULATION_TOOL                   ; ModelSim-Altera (Verilog)      ; <None>          ; --          ; --             ;
; IOBANK_VCCIO                          ; 3.3V                           ; --              ; --          ; 1              ;
; IOBANK_VCCIO                          ; 3.3V                           ; --              ; --          ; 2              ;
; MAX_CORE_JUNCTION_TEMP                ; 85                             ; --              ; --          ; --             ;
; MIN_CORE_JUNCTION_TEMP                ; 0                              ; --              ; --          ; --             ;
; POWER_EXT_SUPPLY_VOLTAGE_TO_REGULATOR ; 3.3V                           ; --              ; --          ; --             ;
; POWER_PRESET_COOLING_SOLUTION         ; No Heat Sink With Still Air    ; --              ; --          ; --             ;
; PROJECT_OUTPUT_DIRECTORY              ; output_files                   ; --              ; --          ; --             ;
; SYNTH_TIMING_DRIVEN_SYNTHESIS         ; Off                            ; --              ; --          ; --             ;
; TOP_LEVEL_ENTITY                      ; planeController                ; cube_controller ; --          ; --             ;
+---------------------------------------+--------------------------------+-----------------+-------------+----------------+


+-------------------------------------------------------------------------------------------------------------------------------+
; Flow Elapsed Time                                                                                                             ;
+---------------------------+--------------+-------------------------+---------------------+------------------------------------+
; Module Name               ; Elapsed Time ; Average Processors Used ; Peak Virtual Memory ; Total CPU Time (on all processors) ;
+---------------------------+--------------+-------------------------+---------------------+------------------------------------+
; Analysis & Synthesis      ; 00:00:01     ; 1.0                     ; 319 MB              ; 00:00:01                           ;
; Fitter                    ; 00:00:02     ; 1.0                     ; 353 MB              ; 00:00:02                           ;
; Assembler                 ; 00:00:00     ; 1.0                     ; 298 MB              ; 00:00:01                           ;
; TimeQuest Timing Analyzer ; 00:00:01     ; 1.0                     ; 280 MB              ; 00:00:01                           ;
; EDA Netlist Writer        ; 00:00:01     ; 1.0                     ; 282 MB              ; 00:00:01                           ;
; Total                     ; 00:00:05     ; --                      ; --                  ; 00:00:06                           ;
+---------------------------+--------------+-------------------------+---------------------+------------------------------------+


+-------------------------------------------------------------------------------------------+
; Flow OS Summary                                                                           ;
+---------------------------+------------------+--------------+------------+----------------+
; Module Name               ; Machine Hostname ; OS Name      ; OS Version ; Processor type ;
+---------------------------+------------------+--------------+------------+----------------+
; Analysis & Synthesis      ; seagull          ; Ubuntu 12.10 ; 12         ; x86_64         ;
; Fitter                    ; seagull          ; Ubuntu 12.10 ; 12         ; x86_64         ;
; Assembler                 ; seagull          ; Ubuntu 12.10 ; 12         ; x86_64         ;
; TimeQuest Timing Analyzer ; seagull          ; Ubuntu 12.10 ; 12         ; x86_64         ;
; EDA Netlist Writer        ; seagull          ; Ubuntu 12.10 ; 12         ; x86_64         ;
+---------------------------+------------------+--------------+------------+----------------+


------------
; Flow Log ;
------------
quartus_map --read_settings_files=on --write_settings_files=off cube_controller -c cube_controller
quartus_fit --read_settings_files=off --write_settings_files=off cube_controller -c cube_controller
quartus_asm --read_settings_files=off --write_settings_files=off cube_controller -c cube_controller
quartus_sta cube_controller -c cube_controller
quartus_eda --read_settings_files=off --write_settings_files=off cube_controller -c cube_controller



